c:\users\administrator.theflightsims\documents\github\windowsserver-mgmttools-private\vlmcsd-beta\visualstudio\vlmcsd\x64\debug\vlmcsd.obj
c:\users\administrator.theflightsims\documents\github\windowsserver-mgmttools-private\vlmcsd-beta\visualstudio\vlmcsd\x64\debug\shared_globals.obj
c:\users\administrator.theflightsims\documents\github\windowsserver-mgmttools-private\vlmcsd-beta\visualstudio\vlmcsd\x64\debug\network.obj
c:\users\administrator.theflightsims\documents\github\windowsserver-mgmttools-private\vlmcsd-beta\visualstudio\vlmcsd\x64\debug\helpers.obj
c:\users\administrator.theflightsims\documents\github\windowsserver-mgmttools-private\vlmcsd-beta\visualstudio\vlmcsd\x64\debug\kmsdata.obj
c:\users\administrator.theflightsims\documents\github\windowsserver-mgmttools-private\vlmcsd-beta\visualstudio\vlmcsd\x64\debug\wintap.obj
c:\users\administrator.theflightsims\documents\github\windowsserver-mgmttools-private\vlmcsd-beta\visualstudio\vlmcsd\x64\debug\kms.obj
c:\users\administrator.theflightsims\documents\github\windowsserver-mgmttools-private\vlmcsd-beta\visualstudio\vlmcsd\x64\debug\crypto_windows.obj
c:\users\administrator.theflightsims\documents\github\windowsserver-mgmttools-private\vlmcsd-beta\visualstudio\vlmcsd\x64\debug\rpc.obj
c:\users\administrator.theflightsims\documents\github\windowsserver-mgmttools-private\vlmcsd-beta\visualstudio\vlmcsd\x64\debug\ntservice.obj
c:\users\administrator.theflightsims\documents\github\windowsserver-mgmttools-private\vlmcsd-beta\visualstudio\vlmcsd\x64\debug\crypto.obj
c:\users\administrator.theflightsims\documents\github\windowsserver-mgmttools-private\vlmcsd-beta\visualstudio\vlmcsd\x64\debug\endian.obj
c:\users\administrator.theflightsims\documents\github\windowsserver-mgmttools-private\vlmcsd-beta\visualstudio\vlmcsd\x64\debug\wingetopt.obj
c:\users\administrator.theflightsims\documents\github\windowsserver-mgmttools-private\vlmcsd-beta\visualstudio\vlmcsd\x64\debug\output.obj
c:\users\administrator.theflightsims\documents\github\windowsserver-mgmttools-private\vlmcsd-beta\visualstudio\vlmcsd\x64\debug\vc141.pdb
c:\users\administrator.theflightsims\documents\github\windowsserver-mgmttools-private\!bin!\vlmcsd\vlmcsd-core\vlmcsd-windows.ilk
c:\users\administrator.theflightsims\documents\github\windowsserver-mgmttools-private\!bin!\vlmcsd\vlmcsd-core\vlmcsd-windows.exe
c:\users\administrator.theflightsims\documents\github\windowsserver-mgmttools-private\!bin!\vlmcsd\vlmcsd-core\vlmcsd-windows.pdb
c:\users\administrator.theflightsims\documents\github\windowsserver-mgmttools-private\vlmcsd-beta\visualstudio\vlmcsd\x64\debug\vc141.idb
c:\users\administrator.theflightsims\documents\github\windowsserver-mgmttools-private\vlmcsd-beta\visualstudio\vlmcsd\..\..\..\!bin!\vlmcsd\vlmcsd-core\vlmcsd-windows.exe
c:\users\administrator.theflightsims\documents\github\windowsserver-mgmttools-private\vlmcsd-beta\visualstudio\vlmcsd\x64\debug\vlmcsd-windows.tlog\cl.1276.write.1.tlog
c:\users\administrator.theflightsims\documents\github\windowsserver-mgmttools-private\vlmcsd-beta\visualstudio\vlmcsd\x64\debug\vlmcsd-windows.tlog\cl.command.1.tlog
c:\users\administrator.theflightsims\documents\github\windowsserver-mgmttools-private\vlmcsd-beta\visualstudio\vlmcsd\x64\debug\vlmcsd-windows.tlog\cl.read.1.tlog
c:\users\administrator.theflightsims\documents\github\windowsserver-mgmttools-private\vlmcsd-beta\visualstudio\vlmcsd\x64\debug\vlmcsd-windows.tlog\link.command.1.tlog
c:\users\administrator.theflightsims\documents\github\windowsserver-mgmttools-private\vlmcsd-beta\visualstudio\vlmcsd\x64\debug\vlmcsd-windows.tlog\link.read.1.tlog
c:\users\administrator.theflightsims\documents\github\windowsserver-mgmttools-private\vlmcsd-beta\visualstudio\vlmcsd\x64\debug\vlmcsd-windows.tlog\link.write.1.tlog
