c:\users\administrator.theflightsims\documents\github\windowsserver-mgmttools-private\vlmcsd-beta\visualstudio\vlmcsdmulti\x64\debug\rpc.obj
c:\users\administrator.theflightsims\documents\github\windowsserver-mgmttools-private\vlmcsd-beta\visualstudio\vlmcsdmulti\x64\debug\crypto.obj
c:\users\administrator.theflightsims\documents\github\windowsserver-mgmttools-private\vlmcsd-beta\visualstudio\vlmcsdmulti\x64\debug\vlmcsdmulti.obj
c:\users\administrator.theflightsims\documents\github\windowsserver-mgmttools-private\vlmcsd-beta\visualstudio\vlmcsdmulti\x64\debug\kmsdata-full.obj
c:\users\administrator.theflightsims\documents\github\windowsserver-mgmttools-private\vlmcsd-beta\visualstudio\vlmcsdmulti\x64\debug\endian.obj
c:\users\administrator.theflightsims\documents\github\windowsserver-mgmttools-private\vlmcsd-beta\visualstudio\vlmcsdmulti\x64\debug\vlmcs.obj
c:\users\administrator.theflightsims\documents\github\windowsserver-mgmttools-private\vlmcsd-beta\visualstudio\vlmcsdmulti\x64\debug\helpers.obj
c:\users\administrator.theflightsims\documents\github\windowsserver-mgmttools-private\vlmcsd-beta\visualstudio\vlmcsdmulti\x64\debug\kms.obj
c:\users\administrator.theflightsims\documents\github\windowsserver-mgmttools-private\vlmcsd-beta\visualstudio\vlmcsdmulti\x64\debug\dns_srv.obj
c:\users\administrator.theflightsims\documents\github\windowsserver-mgmttools-private\vlmcsd-beta\visualstudio\vlmcsdmulti\x64\debug\vlmcsd.obj
c:\users\administrator.theflightsims\documents\github\windowsserver-mgmttools-private\vlmcsd-beta\visualstudio\vlmcsdmulti\x64\debug\shared_globals.obj
c:\users\administrator.theflightsims\documents\github\windowsserver-mgmttools-private\vlmcsd-beta\visualstudio\vlmcsdmulti\x64\debug\output.obj
c:\users\administrator.theflightsims\documents\github\windowsserver-mgmttools-private\vlmcsd-beta\visualstudio\vlmcsdmulti\x64\debug\network.obj
c:\users\administrator.theflightsims\documents\github\windowsserver-mgmttools-private\vlmcsd-beta\visualstudio\vlmcsdmulti\x64\debug\ntservice.obj
c:\users\administrator.theflightsims\documents\github\windowsserver-mgmttools-private\vlmcsd-beta\visualstudio\vlmcsdmulti\x64\debug\wintap.obj
c:\users\administrator.theflightsims\documents\github\windowsserver-mgmttools-private\vlmcsd-beta\visualstudio\vlmcsdmulti\x64\debug\crypto_windows.obj
c:\users\administrator.theflightsims\documents\github\windowsserver-mgmttools-private\vlmcsd-beta\visualstudio\vlmcsdmulti\x64\debug\wingetopt.obj
c:\users\administrator.theflightsims\documents\github\windowsserver-mgmttools-private\vlmcsd-beta\visualstudio\vlmcsdmulti\x64\debug\vc141.pdb
c:\users\administrator.theflightsims\documents\github\windowsserver-mgmttools-private\!bin!\vlmcsd\vlmcsd-core\vlmcsdmulti-windows.ilk
c:\users\administrator.theflightsims\documents\github\windowsserver-mgmttools-private\!bin!\vlmcsd\vlmcsd-core\vlmcsdmulti-windows.exe
c:\users\administrator.theflightsims\documents\github\windowsserver-mgmttools-private\!bin!\vlmcsd\vlmcsd-core\vlmcsdmulti-windows.pdb
d:\#source-code\windowsserver-mgmttools\vlmcsd-beta\visualstudio\vlmcsdmulti\x64\debug\crypto.obj
d:\#source-code\windowsserver-mgmttools\vlmcsd-beta\visualstudio\vlmcsdmulti\x64\debug\crypto_windows.obj
d:\#source-code\windowsserver-mgmttools\vlmcsd-beta\visualstudio\vlmcsdmulti\x64\debug\dns_srv.obj
d:\#source-code\windowsserver-mgmttools\vlmcsd-beta\visualstudio\vlmcsdmulti\x64\debug\endian.obj
d:\#source-code\windowsserver-mgmttools\vlmcsd-beta\visualstudio\vlmcsdmulti\x64\debug\helpers.obj
d:\#source-code\windowsserver-mgmttools\vlmcsd-beta\visualstudio\vlmcsdmulti\x64\debug\kms.obj
d:\#source-code\windowsserver-mgmttools\vlmcsd-beta\visualstudio\vlmcsdmulti\x64\debug\kmsdata-full.obj
d:\#source-code\windowsserver-mgmttools\vlmcsd-beta\visualstudio\vlmcsdmulti\x64\debug\network.obj
d:\#source-code\windowsserver-mgmttools\vlmcsd-beta\visualstudio\vlmcsdmulti\x64\debug\ntservice.obj
d:\#source-code\windowsserver-mgmttools\vlmcsd-beta\visualstudio\vlmcsdmulti\x64\debug\output.obj
d:\#source-code\windowsserver-mgmttools\vlmcsd-beta\visualstudio\vlmcsdmulti\x64\debug\rpc.obj
d:\#source-code\windowsserver-mgmttools\vlmcsd-beta\visualstudio\vlmcsdmulti\x64\debug\shared_globals.obj
d:\#source-code\windowsserver-mgmttools\vlmcsd-beta\visualstudio\vlmcsdmulti\x64\debug\vlmcs.obj
d:\#source-code\windowsserver-mgmttools\vlmcsd-beta\visualstudio\vlmcsdmulti\x64\debug\vlmcsd.obj
d:\#source-code\windowsserver-mgmttools\vlmcsd-beta\visualstudio\vlmcsdmulti\x64\debug\vlmcsdmulti.obj
d:\#source-code\windowsserver-mgmttools\vlmcsd-beta\visualstudio\vlmcsdmulti\x64\debug\wingetopt.obj
d:\#source-code\windowsserver-mgmttools\vlmcsd-beta\visualstudio\vlmcsdmulti\x64\debug\wintap.obj
d:\#source-code\windowsserver-mgmttools\vlmcsd-beta\visualstudio\vlmcsdmulti\x64\debug\vc141.idb
d:\#source-code\windowsserver-mgmttools\vlmcsd-beta\visualstudio\vlmcsdmulti\x64\debug\vc141.pdb
d:\#source-code\windowsserver-mgmttools\vlmcsd-beta\visualstudio\vlmcsdmulti\x64\debug\vlmcsdmu.7f07671d.tlog\cl.1084.write.1.tlog
d:\#source-code\windowsserver-mgmttools\vlmcsd-beta\visualstudio\vlmcsdmulti\x64\debug\vlmcsdmu.7f07671d.tlog\cl.command.1.tlog
d:\#source-code\windowsserver-mgmttools\vlmcsd-beta\visualstudio\vlmcsdmulti\x64\debug\vlmcsdmu.7f07671d.tlog\cl.read.1.tlog
d:\#source-code\windowsserver-mgmttools\vlmcsd-beta\visualstudio\vlmcsdmulti\x64\debug\vlmcsdmu.7f07671d.tlog\link.command.1.tlog
d:\#source-code\windowsserver-mgmttools\vlmcsd-beta\visualstudio\vlmcsdmulti\x64\debug\vlmcsdmu.7f07671d.tlog\link.read.1.tlog
d:\#source-code\windowsserver-mgmttools\vlmcsd-beta\visualstudio\vlmcsdmulti\x64\debug\vlmcsdmu.7f07671d.tlog\link.write.1.tlog
