c:\users\administrator.theflightsims\documents\github\windowsserver-mgmttools-private\vlmcsd-beta\visualstudio\libkms\x64\debug\libkms.obj
c:\users\administrator.theflightsims\documents\github\windowsserver-mgmttools-private\vlmcsd-beta\visualstudio\libkms\x64\debug\shared_globals.obj
c:\users\administrator.theflightsims\documents\github\windowsserver-mgmttools-private\vlmcsd-beta\visualstudio\libkms\x64\debug\kms.obj
c:\users\administrator.theflightsims\documents\github\windowsserver-mgmttools-private\vlmcsd-beta\visualstudio\libkms\x64\debug\rpc.obj
c:\users\administrator.theflightsims\documents\github\windowsserver-mgmttools-private\vlmcsd-beta\visualstudio\libkms\x64\debug\vlmcs.obj
c:\users\administrator.theflightsims\documents\github\windowsserver-mgmttools-private\vlmcsd-beta\visualstudio\libkms\x64\debug\crypto_windows.obj
c:\users\administrator.theflightsims\documents\github\windowsserver-mgmttools-private\vlmcsd-beta\visualstudio\libkms\x64\debug\output.obj
c:\users\administrator.theflightsims\documents\github\windowsserver-mgmttools-private\vlmcsd-beta\visualstudio\libkms\x64\debug\crypto.obj
c:\users\administrator.theflightsims\documents\github\windowsserver-mgmttools-private\vlmcsd-beta\visualstudio\libkms\x64\debug\network.obj
c:\users\administrator.theflightsims\documents\github\windowsserver-mgmttools-private\vlmcsd-beta\visualstudio\libkms\x64\debug\endian.obj
c:\users\administrator.theflightsims\documents\github\windowsserver-mgmttools-private\vlmcsd-beta\visualstudio\libkms\x64\debug\helpers.obj
c:\users\administrator.theflightsims\documents\github\windowsserver-mgmttools-private\vlmcsd-beta\visualstudio\libkms\x64\debug\vc141.pdb
c:\users\administrator.theflightsims\documents\github\windowsserver-mgmttools-private\!bin!\vlmcsd\vlmcsd-core\libkms-windows64.lib
c:\users\administrator.theflightsims\documents\github\windowsserver-mgmttools-private\!bin!\vlmcsd\vlmcsd-core\libkms-windows64.exp
c:\users\administrator.theflightsims\documents\github\windowsserver-mgmttools-private\!bin!\vlmcsd\vlmcsd-core\libkms-windows64.ilk
c:\users\administrator.theflightsims\documents\github\windowsserver-mgmttools-private\!bin!\vlmcsd\vlmcsd-core\libkms-windows64.dll
c:\users\administrator.theflightsims\documents\github\windowsserver-mgmttools-private\!bin!\vlmcsd\vlmcsd-core\libkms-windows64.pdb
c:\users\administrator.theflightsims\documents\github\windowsserver-mgmttools-private\vlmcsd-beta\visualstudio\libkms\x64\debug\vc141.idb
c:\users\administrator.theflightsims\documents\github\windowsserver-mgmttools-private\vlmcsd-beta\visualstudio\libkms\..\..\..\!bin!\vlmcsd\vlmcsd-core\libkms-windows64.dll
c:\users\administrator.theflightsims\documents\github\windowsserver-mgmttools-private\vlmcsd-beta\visualstudio\libkms\x64\debug\libkms-windows.tlog\cl.15032.write.1.tlog
c:\users\administrator.theflightsims\documents\github\windowsserver-mgmttools-private\vlmcsd-beta\visualstudio\libkms\x64\debug\libkms-windows.tlog\cl.command.1.tlog
c:\users\administrator.theflightsims\documents\github\windowsserver-mgmttools-private\vlmcsd-beta\visualstudio\libkms\x64\debug\libkms-windows.tlog\cl.read.1.tlog
c:\users\administrator.theflightsims\documents\github\windowsserver-mgmttools-private\vlmcsd-beta\visualstudio\libkms\x64\debug\libkms-windows.tlog\libkms-windows.write.1u.tlog
c:\users\administrator.theflightsims\documents\github\windowsserver-mgmttools-private\vlmcsd-beta\visualstudio\libkms\x64\debug\libkms-windows.tlog\link.command.1.tlog
c:\users\administrator.theflightsims\documents\github\windowsserver-mgmttools-private\vlmcsd-beta\visualstudio\libkms\x64\debug\libkms-windows.tlog\link.read.1.tlog
c:\users\administrator.theflightsims\documents\github\windowsserver-mgmttools-private\vlmcsd-beta\visualstudio\libkms\x64\debug\libkms-windows.tlog\link.write.1.tlog
